<?xml version="1.0" encoding="UTF-8"?>
<!-- Generated by org.testng.reporters.JUnitReportReporter -->
<testsuite hostname="DESKTOP-9M4JE7O" failures="0" tests="1" name="com.Wizeline.QAA.MasterWZ.Master" time="73.705" errors="0" timestamp="2020-02-17T13:07:15 CST" skipped="0">
  <testcase classname="com.Wizeline.QAA.MasterWZ.Master" name="launchAndNavigate" time="73.705"/>
</testsuite> <!-- com.Wizeline.QAA.MasterWZ.Master -->
